0 info it worked if it ends with ok
1 verbose cli [ '/Users/ddipumpo/.nodenv/versions/5.12.0/bin/node',
1 verbose cli   '/Users/ddipumpo/.nodenv/versions/5.12.0/bin/npm',
1 verbose cli   'run',
1 verbose cli   'dev' ]
2 info using npm@3.8.6
3 info using node@v5.12.0
4 verbose run-script [ 'predev', 'dev', 'postdev' ]
5 info lifecycle ow-starterkit@0.0.1~predev: ow-starterkit@0.0.1
6 silly lifecycle ow-starterkit@0.0.1~predev: no script for predev, continuing
7 info lifecycle ow-starterkit@0.0.1~dev: ow-starterkit@0.0.1
8 verbose lifecycle ow-starterkit@0.0.1~dev: unsafe-perm in lifecycle true
9 verbose lifecycle ow-starterkit@0.0.1~dev: PATH: /Users/ddipumpo/.nodenv/versions/5.12.0/lib/node_modules/npm/bin/node-gyp-bin:/Users/ddipumpo/Documents/DesignADesignSystem/node_modules/.bin:/Users/ddipumpo/.nodenv/versions/5.12.0/bin:/Users/ddipumpo/.nodenv/versions/5.12.0/bin:/usr/local/Cellar/nodenv/1.0.0/libexec:/Users/ddipumpo/.nodenv/shims:/usr/local/sbin:/usr/local/bin:/usr/bin:/bin:/usr/sbin:/sbin:/opt/X11/bin:/Users/davidedipumpo/.gem/ruby/2.0.0/bin:/Users/ddipumpo/.bin
10 verbose lifecycle ow-starterkit@0.0.1~dev: CWD: /Users/ddipumpo/Documents/DesignADesignSystem
11 silly lifecycle ow-starterkit@0.0.1~dev: Args: [ '-c', 'gulp' ]
12 silly lifecycle ow-starterkit@0.0.1~dev: Returned: code: 7  signal: null
13 info lifecycle ow-starterkit@0.0.1~dev: Failed to exec dev script
14 verbose stack Error: ow-starterkit@0.0.1 dev: `gulp`
14 verbose stack Exit status 7
14 verbose stack     at EventEmitter.<anonymous> (/Users/ddipumpo/.nodenv/versions/5.12.0/lib/node_modules/npm/lib/utils/lifecycle.js:239:16)
14 verbose stack     at emitTwo (events.js:100:13)
14 verbose stack     at EventEmitter.emit (events.js:185:7)
14 verbose stack     at ChildProcess.<anonymous> (/Users/ddipumpo/.nodenv/versions/5.12.0/lib/node_modules/npm/lib/utils/spawn.js:24:14)
14 verbose stack     at emitTwo (events.js:100:13)
14 verbose stack     at ChildProcess.emit (events.js:185:7)
14 verbose stack     at maybeClose (internal/child_process.js:850:16)
14 verbose stack     at Process.ChildProcess._handle.onexit (internal/child_process.js:215:5)
15 verbose pkgid ow-starterkit@0.0.1
16 verbose cwd /Users/ddipumpo/Documents/DesignADesignSystem
17 error Darwin 15.4.0
18 error argv "/Users/ddipumpo/.nodenv/versions/5.12.0/bin/node" "/Users/ddipumpo/.nodenv/versions/5.12.0/bin/npm" "run" "dev"
19 error node v5.12.0
20 error npm  v3.8.6
21 error code ELIFECYCLE
22 error ow-starterkit@0.0.1 dev: `gulp`
22 error Exit status 7
23 error Failed at the ow-starterkit@0.0.1 dev script 'gulp'.
23 error Make sure you have the latest version of node.js and npm installed.
23 error If you do, this is most likely a problem with the ow-starterkit package,
23 error not with npm itself.
23 error Tell the author that this fails on your system:
23 error     gulp
23 error You can get information on how to open an issue for this project with:
23 error     npm bugs ow-starterkit
23 error Or if that isn't available, you can get their info via:
23 error     npm owner ls ow-starterkit
23 error There is likely additional logging output above.
24 verbose exit [ 1, true ]
